[INFO ][20170215 16:43:23,993][AbstractApplicationContext:510] Refreshing org.springframework.context.support.ClassPathXmlApplicationContext@7d6f77cc: startup date [Wed Feb 15 16:43:23 CST 2017]; root of context hierarchy
[INFO ][20170215 16:43:24,036][XmlBeanDefinitionReader:315] Loading XML bean definitions from class path resource [spring/spring-context.xml]
[INFO ][20170215 16:43:24,256][XmlBeanDefinitionReader:315] Loading XML bean definitions from class path resource [spring/spring-mq.xml]
[INFO ][20170215 16:43:24,378][PropertiesLoaderSupport:172] Loading properties file from class path resource [mq.properties]
[INFO ][20170215 16:43:24,413][DefaultListableBeanFactory:598] Pre-instantiating singletons in org.springframework.beans.factory.support.DefaultListableBeanFactory@17579e0f: defining beans [org.springframework.context.annotation.internalConfigurationAnnotationProcessor,org.springframework.context.annotation.internalAutowiredAnnotationProcessor,org.springframework.context.annotation.internalRequiredAnnotationProcessor,org.springframework.context.annotation.internalCommonAnnotationProcessor,mqProducer,org.springframework.context.support.PropertySourcesPlaceholderConfigurer#0,org.springframework.aop.config.internalAutoProxyCreator,targetConnectionFactory,pooledConnectionFactory,connectionFactory,activeMqJmsTemplate,org.springframework.context.annotation.ConfigurationClassPostProcessor.importAwareProcessor]; root of factory hierarchy
[INFO ][20170215 16:43:24,657][SingleConnectionFactory:291] Established shared JMS Connection: PooledConnection { ConnectionPool[ActiveMQConnection {id=ID:PC-20170209OKJZ-56395-1487148204544-1:1,clientId=null,started=false}] }
[INFO ][20170215 16:43:25,025][MQProducerTest:39] ===>System.exit
[INFO ][20170215 16:47:02,788][AbstractApplicationContext:510] Refreshing org.springframework.context.support.ClassPathXmlApplicationContext@2b552920: startup date [Wed Feb 15 16:47:02 CST 2017]; root of context hierarchy
[INFO ][20170215 16:47:02,836][XmlBeanDefinitionReader:315] Loading XML bean definitions from class path resource [spring/spring-context.xml]
[INFO ][20170215 16:47:03,053][XmlBeanDefinitionReader:315] Loading XML bean definitions from class path resource [spring/spring-mq.xml]
[INFO ][20170215 16:47:03,195][PropertiesLoaderSupport:172] Loading properties file from class path resource [mq.properties]
[INFO ][20170215 16:47:03,235][DefaultListableBeanFactory:598] Pre-instantiating singletons in org.springframework.beans.factory.support.DefaultListableBeanFactory@291b4bf5: defining beans [org.springframework.context.annotation.internalConfigurationAnnotationProcessor,org.springframework.context.annotation.internalAutowiredAnnotationProcessor,org.springframework.context.annotation.internalRequiredAnnotationProcessor,org.springframework.context.annotation.internalCommonAnnotationProcessor,mqProducer,org.springframework.context.support.PropertySourcesPlaceholderConfigurer#0,org.springframework.aop.config.internalAutoProxyCreator,targetConnectionFactory,pooledConnectionFactory,connectionFactory,activeMqJmsTemplate,org.springframework.context.annotation.ConfigurationClassPostProcessor.importAwareProcessor]; root of factory hierarchy
[INFO ][20170215 16:47:03,509][SingleConnectionFactory:291] Established shared JMS Connection: PooledConnection { ConnectionPool[ActiveMQConnection {id=ID:PC-20170209OKJZ-56447-1487148423395-1:1,clientId=null,started=false}] }
[INFO ][20170215 16:47:03,685][MQProducerTest:40] ===>System.exit
[INFO ][20170215 16:49:02,673][AbstractApplicationContext:510] Refreshing org.springframework.context.support.ClassPathXmlApplicationContext@7d6f77cc: startup date [Wed Feb 15 16:49:02 CST 2017]; root of context hierarchy
[INFO ][20170215 16:49:02,717][XmlBeanDefinitionReader:315] Loading XML bean definitions from class path resource [spring/spring-context.xml]
[INFO ][20170215 16:49:02,903][XmlBeanDefinitionReader:315] Loading XML bean definitions from class path resource [spring/spring-mq.xml]
[INFO ][20170215 16:49:03,010][PropertiesLoaderSupport:172] Loading properties file from class path resource [mq.properties]
[INFO ][20170215 16:49:03,044][DefaultListableBeanFactory:598] Pre-instantiating singletons in org.springframework.beans.factory.support.DefaultListableBeanFactory@17579e0f: defining beans [org.springframework.context.annotation.internalConfigurationAnnotationProcessor,org.springframework.context.annotation.internalAutowiredAnnotationProcessor,org.springframework.context.annotation.internalRequiredAnnotationProcessor,org.springframework.context.annotation.internalCommonAnnotationProcessor,mqProducer,org.springframework.context.support.PropertySourcesPlaceholderConfigurer#0,org.springframework.aop.config.internalAutoProxyCreator,targetConnectionFactory,pooledConnectionFactory,connectionFactory,activeMqJmsTemplate,org.springframework.context.annotation.ConfigurationClassPostProcessor.importAwareProcessor]; root of factory hierarchy
[INFO ][20170215 16:49:03,296][SingleConnectionFactory:291] Established shared JMS Connection: PooledConnection { ConnectionPool[ActiveMQConnection {id=ID:PC-20170209OKJZ-56544-1487148543183-1:1,clientId=null,started=false}] }
[INFO ][20170215 16:49:03,453][MQProducerTest:40] ===>System.exit
