[INFO ][20170215 16:43:06,807][AbstractApplicationContext:510] Refreshing org.springframework.context.support.ClassPathXmlApplicationContext@73a28541: startup date [Wed Feb 15 16:43:06 CST 2017]; root of context hierarchy
[INFO ][20170215 16:43:06,856][XmlBeanDefinitionReader:315] Loading XML bean definitions from class path resource [spring/spring-context.xml]
[INFO ][20170215 16:43:07,085][XmlBeanDefinitionReader:315] Loading XML bean definitions from class path resource [spring/spring-mq.xml]
[INFO ][20170215 16:43:07,112][DefaultListableBeanFactory:665] Overriding bean definition for bean 'consumerSessionAwareMessageListener': replacing [Generic bean: class [wusc.edu.demo.mqtest.listener.ConsumerSessionAwareMessageListener]; scope=singleton; abstract=false; lazyInit=false; autowireMode=1; dependencyCheck=0; autowireCandidate=true; primary=false; factoryBeanName=null; factoryMethodName=null; initMethodName=null; destroyMethodName=null; defined in file [H:\workspace\activemq-demo\edu-demo-mqconsumer\target\classes\wusc\edu\demo\mqtest\listener\ConsumerSessionAwareMessageListener.class]] with [Generic bean: class [wusc.edu.demo.mqtest.listener.ConsumerSessionAwareMessageListener]; scope=; abstract=false; lazyInit=false; autowireMode=1; dependencyCheck=0; autowireCandidate=true; primary=false; factoryBeanName=null; factoryMethodName=null; initMethodName=null; destroyMethodName=null; defined in class path resource [spring/spring-mq.xml]]
[INFO ][20170215 16:43:07,113][XmlBeanDefinitionReader:315] Loading XML bean definitions from class path resource [spring/spring-mail.xml]
[INFO ][20170215 16:43:07,259][PropertiesLoaderSupport:172] Loading properties file from class path resource [mq.properties]
[INFO ][20170215 16:43:07,260][PropertiesLoaderSupport:172] Loading properties file from class path resource [mail.properties]
[INFO ][20170215 16:43:07,296][DefaultListableBeanFactory:598] Pre-instantiating singletons in org.springframework.beans.factory.support.DefaultListableBeanFactory@646d64ab: defining beans [org.springframework.context.annotation.internalConfigurationAnnotationProcessor,org.springframework.context.annotation.internalAutowiredAnnotationProcessor,org.springframework.context.annotation.internalRequiredAnnotationProcessor,org.springframework.context.annotation.internalCommonAnnotationProcessor,mailBiz,consumerSessionAwareMessageListener,org.springframework.context.support.PropertySourcesPlaceholderConfigurer#0,org.springframework.aop.config.internalAutoProxyCreator,targetConnectionFactory,pooledConnectionFactory,connectionFactory,activeMqJmsTemplate,sessionAwareQueue,sessionAwareListenerContainer,mailSender,simpleMailMessage,threadPool,org.springframework.context.annotation.ConfigurationClassPostProcessor.importAwareProcessor]; root of factory hierarchy
[INFO ][20170215 16:43:07,369][ExecutorConfigurationSupport:154] Initializing ExecutorService  'threadPool'
[INFO ][20170215 16:43:07,543][DefaultLifecycleProcessor$LifecycleGroup:334] Starting beans in phase 2147483647
[INFO ][20170215 16:43:07,746][SingleConnectionFactory:291] Established shared JMS Connection: PooledConnection { ConnectionPool[ActiveMQConnection {id=ID:PC-20170209OKJZ-56367-1487148187622-1:1,clientId=null,started=false}] }
[INFO ][20170215 16:43:07,860][DefaultLifecycleProcessor$LifecycleGroup:334] Starting beans in phase 2147483647
[INFO ][20170215 16:43:25,024][ConsumerSessionAwareMessageListener:48] ==>receive message:{"content":"通过ActiveMQ异步发送邮件！","subject":"ActiveMQ测试","to":"wu-sc@foxmail.com"}
[INFO ][20170215 16:45:45,596][AbstractApplicationContext:510] Refreshing org.springframework.context.support.ClassPathXmlApplicationContext@73a28541: startup date [Wed Feb 15 16:45:45 CST 2017]; root of context hierarchy
[INFO ][20170215 16:45:45,638][XmlBeanDefinitionReader:315] Loading XML bean definitions from class path resource [spring/spring-context.xml]
[INFO ][20170215 16:45:45,837][XmlBeanDefinitionReader:315] Loading XML bean definitions from class path resource [spring/spring-mq.xml]
[INFO ][20170215 16:45:45,858][DefaultListableBeanFactory:665] Overriding bean definition for bean 'consumerSessionAwareMessageListener': replacing [Generic bean: class [wusc.edu.demo.mqtest.listener.ConsumerSessionAwareMessageListener]; scope=singleton; abstract=false; lazyInit=false; autowireMode=1; dependencyCheck=0; autowireCandidate=true; primary=false; factoryBeanName=null; factoryMethodName=null; initMethodName=null; destroyMethodName=null; defined in file [H:\workspace\activemq-demo\edu-demo-mqconsumer\target\classes\wusc\edu\demo\mqtest\listener\ConsumerSessionAwareMessageListener.class]] with [Generic bean: class [wusc.edu.demo.mqtest.listener.ConsumerSessionAwareMessageListener]; scope=; abstract=false; lazyInit=false; autowireMode=1; dependencyCheck=0; autowireCandidate=true; primary=false; factoryBeanName=null; factoryMethodName=null; initMethodName=null; destroyMethodName=null; defined in class path resource [spring/spring-mq.xml]]
[INFO ][20170215 16:45:45,859][XmlBeanDefinitionReader:315] Loading XML bean definitions from class path resource [spring/spring-mail.xml]
[INFO ][20170215 16:45:45,997][PropertiesLoaderSupport:172] Loading properties file from class path resource [mq.properties]
[INFO ][20170215 16:45:45,998][PropertiesLoaderSupport:172] Loading properties file from class path resource [mail.properties]
[INFO ][20170215 16:45:46,002][DefaultSingletonBeanRegistry:444] Destroying singletons in org.springframework.beans.factory.support.DefaultListableBeanFactory@646d64ab: defining beans [org.springframework.context.annotation.internalConfigurationAnnotationProcessor,org.springframework.context.annotation.internalAutowiredAnnotationProcessor,org.springframework.context.annotation.internalRequiredAnnotationProcessor,org.springframework.context.annotation.internalCommonAnnotationProcessor,mailBiz,consumerSessionAwareMessageListener,org.springframework.context.support.PropertySourcesPlaceholderConfigurer#0,org.springframework.aop.config.internalAutoProxyCreator,targetConnectionFactory,pooledConnectionFactory,connectionFactory,activeMqJmsTemplate,sessionAwareQueue,sessionAwareListenerContainer,mailSender,simpleMailMessage,threadPool,org.springframework.context.annotation.ConfigurationClassPostProcessor.importAwareProcessor]; root of factory hierarchy
[ERROR][20170215 16:45:46,003][MQConsumer:25] ==>MQ context start error:
org.springframework.beans.factory.BeanDefinitionStoreException: Invalid bean definition with name 'mailSender' defined in class path resource [spring/spring-mail.xml]: Could not resolve placeholder 'javax.net.ssl.SSLSocketFactory' in string value "${javax.net.ssl.SSLSocketFactory}"
	at org.springframework.beans.factory.config.PlaceholderConfigurerSupport.doProcessProperties(PlaceholderConfigurerSupport.java:209)
	at org.springframework.context.support.PropertySourcesPlaceholderConfigurer.processProperties(PropertySourcesPlaceholderConfigurer.java:174)
	at org.springframework.context.support.PropertySourcesPlaceholderConfigurer.postProcessBeanFactory(PropertySourcesPlaceholderConfigurer.java:151)
	at org.springframework.context.support.AbstractApplicationContext.invokeBeanFactoryPostProcessors(AbstractApplicationContext.java:694)
	at org.springframework.context.support.AbstractApplicationContext.invokeBeanFactoryPostProcessors(AbstractApplicationContext.java:669)
	at org.springframework.context.support.AbstractApplicationContext.refresh(AbstractApplicationContext.java:461)
	at org.springframework.context.support.ClassPathXmlApplicationContext.<init>(ClassPathXmlApplicationContext.java:139)
	at org.springframework.context.support.ClassPathXmlApplicationContext.<init>(ClassPathXmlApplicationContext.java:83)
	at wusc.edu.demo.mqtest.MQConsumer.main(MQConsumer.java:22)
[INFO ][20170215 16:46:15,113][AbstractApplicationContext:510] Refreshing org.springframework.context.support.ClassPathXmlApplicationContext@73a28541: startup date [Wed Feb 15 16:46:15 CST 2017]; root of context hierarchy
[INFO ][20170215 16:46:15,154][XmlBeanDefinitionReader:315] Loading XML bean definitions from class path resource [spring/spring-context.xml]
[INFO ][20170215 16:46:15,349][XmlBeanDefinitionReader:315] Loading XML bean definitions from class path resource [spring/spring-mq.xml]
[INFO ][20170215 16:46:15,373][DefaultListableBeanFactory:665] Overriding bean definition for bean 'consumerSessionAwareMessageListener': replacing [Generic bean: class [wusc.edu.demo.mqtest.listener.ConsumerSessionAwareMessageListener]; scope=singleton; abstract=false; lazyInit=false; autowireMode=1; dependencyCheck=0; autowireCandidate=true; primary=false; factoryBeanName=null; factoryMethodName=null; initMethodName=null; destroyMethodName=null; defined in file [H:\workspace\activemq-demo\edu-demo-mqconsumer\target\classes\wusc\edu\demo\mqtest\listener\ConsumerSessionAwareMessageListener.class]] with [Generic bean: class [wusc.edu.demo.mqtest.listener.ConsumerSessionAwareMessageListener]; scope=; abstract=false; lazyInit=false; autowireMode=1; dependencyCheck=0; autowireCandidate=true; primary=false; factoryBeanName=null; factoryMethodName=null; initMethodName=null; destroyMethodName=null; defined in class path resource [spring/spring-mq.xml]]
[INFO ][20170215 16:46:15,375][XmlBeanDefinitionReader:315] Loading XML bean definitions from class path resource [spring/spring-mail.xml]
[INFO ][20170215 16:46:15,500][PropertiesLoaderSupport:172] Loading properties file from class path resource [mq.properties]
[INFO ][20170215 16:46:15,500][PropertiesLoaderSupport:172] Loading properties file from class path resource [mail.properties]
[INFO ][20170215 16:46:15,541][DefaultListableBeanFactory:598] Pre-instantiating singletons in org.springframework.beans.factory.support.DefaultListableBeanFactory@646d64ab: defining beans [org.springframework.context.annotation.internalConfigurationAnnotationProcessor,org.springframework.context.annotation.internalAutowiredAnnotationProcessor,org.springframework.context.annotation.internalRequiredAnnotationProcessor,org.springframework.context.annotation.internalCommonAnnotationProcessor,mailBiz,consumerSessionAwareMessageListener,org.springframework.context.support.PropertySourcesPlaceholderConfigurer#0,org.springframework.aop.config.internalAutoProxyCreator,targetConnectionFactory,pooledConnectionFactory,connectionFactory,activeMqJmsTemplate,sessionAwareQueue,sessionAwareListenerContainer,mailSender,simpleMailMessage,threadPool,org.springframework.context.annotation.ConfigurationClassPostProcessor.importAwareProcessor]; root of factory hierarchy
[INFO ][20170215 16:46:15,590][ExecutorConfigurationSupport:154] Initializing ExecutorService  'threadPool'
[INFO ][20170215 16:46:15,679][DefaultLifecycleProcessor$LifecycleGroup:334] Starting beans in phase 2147483647
[INFO ][20170215 16:46:15,838][SingleConnectionFactory:291] Established shared JMS Connection: PooledConnection { ConnectionPool[ActiveMQConnection {id=ID:PC-20170209OKJZ-56429-1487148375727-1:1,clientId=null,started=false}] }
[INFO ][20170215 16:46:15,859][DefaultLifecycleProcessor$LifecycleGroup:334] Starting beans in phase 2147483647
[INFO ][20170215 16:47:03,696][ConsumerSessionAwareMessageListener:48] ==>receive message:{"content":"通过ActiveMQ异步发送邮件！","subject":"ActiveMQ测试","to":"410480180@qq.com"}
[INFO ][20170215 16:48:51,977][AbstractApplicationContext:510] Refreshing org.springframework.context.support.ClassPathXmlApplicationContext@1f36e637: startup date [Wed Feb 15 16:48:51 CST 2017]; root of context hierarchy
[INFO ][20170215 16:48:52,027][XmlBeanDefinitionReader:315] Loading XML bean definitions from class path resource [spring/spring-context.xml]
[INFO ][20170215 16:48:52,225][XmlBeanDefinitionReader:315] Loading XML bean definitions from class path resource [spring/spring-mq.xml]
[INFO ][20170215 16:48:52,251][DefaultListableBeanFactory:665] Overriding bean definition for bean 'consumerSessionAwareMessageListener': replacing [Generic bean: class [wusc.edu.demo.mqtest.listener.ConsumerSessionAwareMessageListener]; scope=singleton; abstract=false; lazyInit=false; autowireMode=1; dependencyCheck=0; autowireCandidate=true; primary=false; factoryBeanName=null; factoryMethodName=null; initMethodName=null; destroyMethodName=null; defined in file [H:\workspace\activemq-demo\edu-demo-mqconsumer\target\classes\wusc\edu\demo\mqtest\listener\ConsumerSessionAwareMessageListener.class]] with [Generic bean: class [wusc.edu.demo.mqtest.listener.ConsumerSessionAwareMessageListener]; scope=; abstract=false; lazyInit=false; autowireMode=1; dependencyCheck=0; autowireCandidate=true; primary=false; factoryBeanName=null; factoryMethodName=null; initMethodName=null; destroyMethodName=null; defined in class path resource [spring/spring-mq.xml]]
[INFO ][20170215 16:48:52,253][XmlBeanDefinitionReader:315] Loading XML bean definitions from class path resource [spring/spring-mail.xml]
[INFO ][20170215 16:48:52,398][PropertiesLoaderSupport:172] Loading properties file from class path resource [mq.properties]
[INFO ][20170215 16:48:52,398][PropertiesLoaderSupport:172] Loading properties file from class path resource [mail.properties]
[INFO ][20170215 16:48:52,445][DefaultListableBeanFactory:598] Pre-instantiating singletons in org.springframework.beans.factory.support.DefaultListableBeanFactory@7a675056: defining beans [org.springframework.context.annotation.internalConfigurationAnnotationProcessor,org.springframework.context.annotation.internalAutowiredAnnotationProcessor,org.springframework.context.annotation.internalRequiredAnnotationProcessor,org.springframework.context.annotation.internalCommonAnnotationProcessor,mailBiz,consumerSessionAwareMessageListener,org.springframework.context.support.PropertySourcesPlaceholderConfigurer#0,org.springframework.aop.config.internalAutoProxyCreator,targetConnectionFactory,pooledConnectionFactory,connectionFactory,activeMqJmsTemplate,sessionAwareQueue,sessionAwareListenerContainer,mailSender,simpleMailMessage,threadPool,org.springframework.context.annotation.ConfigurationClassPostProcessor.importAwareProcessor]; root of factory hierarchy
[INFO ][20170215 16:48:52,500][ExecutorConfigurationSupport:154] Initializing ExecutorService  'threadPool'
[INFO ][20170215 16:48:52,610][DefaultLifecycleProcessor$LifecycleGroup:334] Starting beans in phase 2147483647
[INFO ][20170215 16:48:52,783][SingleConnectionFactory:291] Established shared JMS Connection: PooledConnection { ConnectionPool[ActiveMQConnection {id=ID:PC-20170209OKJZ-56542-1487148532668-1:1,clientId=null,started=false}] }
[INFO ][20170215 16:48:52,802][DefaultLifecycleProcessor$LifecycleGroup:334] Starting beans in phase 2147483647
[INFO ][20170215 16:49:03,466][ConsumerSessionAwareMessageListener:48] ==>receive message:{"content":"通过ActiveMQ异步发送邮件！","subject":"ActiveMQ测试","to":"410480180@qq.com"}
